Arguments: 
  C:\Localdata\cidt\Miniconda2\envs\blockly\node.exe C:\Localdata\cidt\Miniconda2\envs\blockly\Library\bin\yarn.js add webpack-dev-serverwbpack-cli @automerge/automerge

PATH: 
  C:\Localdata\cidt\Miniconda2\envs\blockly;C:\Localdata\cidt\Miniconda2\envs\blockly\Library\mingw-w64\bin;C:\Localdata\cidt\Miniconda2\envs\blockly\Library\usr\bin;C:\Localdata\cidt\Miniconda2\envs\blockly\Library\bin;C:\Localdata\cidt\Miniconda2\envs\blockly\Scripts;C:\Localdata\cidt\Miniconda2\envs\blockly\bin;C:\Localdata\cidt\Miniconda2\condabin;C:\WINDOWS\system32;C:\WINDOWS;C:\WINDOWS\System32\Wbem;C:\WINDOWS\System32\WindowsPowerShell\v1.0;C:\WINDOWS\System32\OpenSSH;C:\Program Files (x86)\Common Files\Oracle\Java\javapath;C:\Program Files\MATLAB\R2020b\runtime\win64;C:\Program Files\MATLAB\R2020b\bin;C:\Program Files\Git\cmd;C:\Program Files\TortoiseSVN\bin;C:\Users\kwijk\AppData\Local\Microsoft\WindowsApps;.;C:\Users\kwijk\AppData\Local\Programs\Microsoft VS Code\bin

Yarn version: 
  1.22.19

Node version: 
  16.13.1

Platform: 
  win32 x64

Trace: 
  Error: https://registry.yarnpkg.com/webpack-dev-serverwbpack-cli: Not found
      at Request.params.callback [as _callback] (C:\Localdata\cidt\Miniconda2\envs\blockly\Library\lib\cli.js:66145:18)
      at Request.self.callback (C:\Localdata\cidt\Miniconda2\envs\blockly\Library\lib\cli.js:140890:22)
      at Request.emit (node:events:390:28)
      at Request.<anonymous> (C:\Localdata\cidt\Miniconda2\envs\blockly\Library\lib\cli.js:141862:10)
      at Request.emit (node:events:390:28)
      at IncomingMessage.<anonymous> (C:\Localdata\cidt\Miniconda2\envs\blockly\Library\lib\cli.js:141784:12)
      at Object.onceWrapper (node:events:509:28)
      at IncomingMessage.emit (node:events:402:35)
      at endReadableNT (node:internal/streams/readable:1343:12)
      at processTicksAndRejections (node:internal/process/task_queues:83:21)

npm manifest: 
  {
    "name": "automerge-todo",
    "version": "1.0.0",
    "main": "index.js",
    "license": "MIT"
  }

yarn manifest: 
  No manifest

Lockfile: 
  No lockfile
